<?xml version="1.0" encoding="UTF-8"?>
<testsuite name="AppTest" tests="2" skipped="0" failures="0" errors="0" timestamp="2021-05-17T17:29:28" hostname="MICHAEL" time="1.529">
  <properties/>
  <testcase name="stopApp()" classname="AppTest" time="0.323"/>
  <testcase name="runApp()" classname="AppTest" time="1.186"/>
  <system-out><![CDATA[]]></system-out>
  <system-err><![CDATA[log4j:WARN No appenders could be found for logger (io.javalin.Javalin).
log4j:WARN Please initialize the log4j system properly.
log4j:WARN See http://logging.apache.org/log4j/1.2/faq.html#noconfig for more info.
]]></system-err>
</testsuite>
